Vivado Simulator 2016.4
Copyright 1986-1999, 2001-2016 Xilinx, Inc. All Rights Reserved.
Running: C:/Xilinx/Vivado/2016.4/bin/unwrapped/win64.o/xelab.exe -wto a6bd47db6b644061a5e49fc56a336da2 --debug typical --relax --mt 2 -L xil_defaultlib -L secureip --snapshot test_env_behav xil_defaultlib.test_env -log elaborate.log 
Using 2 slave threads.
Starting static elaboration
Completed static elaboration
Starting simulation data flow analysis
Completed simulation data flow analysis
Time Resolution for simulation is 1ps
Compiling package std.standard
Compiling package std.textio
Compiling package ieee.std_logic_1164
Compiling package ieee.std_logic_arith
Compiling package ieee.std_logic_unsigned
Compiling architecture behavioral of entity xil_defaultlib.MPG [mpg_default]
Compiling architecture behavioral of entity xil_defaultlib.InstructionFetch [instructionfetch_default]
Compiling architecture behavioral of entity xil_defaultlib.SSD [ssd_default]
Compiling architecture behavioral of entity xil_defaultlib.UnitateControl [unitatecontrol_default]
Compiling architecture behavioral of entity xil_defaultlib.UnitateExecutie [unitateexecutie_default]
Compiling architecture behavioral of entity xil_defaultlib.MEM [mem_default]
Compiling architecture behavioral of entity xil_defaultlib.Reg_file [reg_file_default]
Compiling architecture behavioral of entity xil_defaultlib.ID_Unity [id_unity_default]
Compiling architecture behavioral of entity xil_defaultlib.test_env
Built simulation snapshot test_env_behav
